<?xml version="1.0" encoding="UTF-8"?>
<!-- Generated by org.testng.reporters.JUnitReportReporter -->
<testsuite hostname="Sasikumar" failures="0" tests="1" name="org.practices.testcase.scenarios.Scenario_One" time="6.883" errors="0" timestamp="2023-10-26T00:31:55 IST" skipped="0">
  <testcase classname="org.practices.testcase.scenarios.Scenario_One" name="Scenario3" time="6.883"/>
</testsuite> <!-- org.practices.testcase.scenarios.Scenario_One -->
