<?xml version="1.0" encoding="UTF-8"?>
<!-- Generated by org.testng.reporters.JUnitReportReporter -->
<testsuite hostname="Sasikumar" failures="0" tests="1" name="org.practices.testcase.scenarios.Scenario_One" time="5.686" errors="0" timestamp="2023-10-25T18:48:54 IST" skipped="0">
  <testcase classname="org.practices.testcase.scenarios.Scenario_One" name="Scenario1" time="5.686"/>
</testsuite> <!-- org.practices.testcase.scenarios.Scenario_One -->
